13-Feb-2020 22:30:48.048 INFO [main] org.apache.catalina.startup.VersionLoggerListener.log Server version:        Apache Tomcat/8.5.41
13-Feb-2020 22:30:48.056 INFO [main] org.apache.catalina.startup.VersionLoggerListener.log Server built:          May 4 2019 09:17:16 UTC
13-Feb-2020 22:30:48.057 INFO [main] org.apache.catalina.startup.VersionLoggerListener.log Server number:         8.5.41.0
13-Feb-2020 22:30:48.059 INFO [main] org.apache.catalina.startup.VersionLoggerListener.log OS Name:               Linux
13-Feb-2020 22:30:48.063 INFO [main] org.apache.catalina.startup.VersionLoggerListener.log OS Version:            4.19.76-linuxkit
13-Feb-2020 22:30:48.065 INFO [main] org.apache.catalina.startup.VersionLoggerListener.log Architecture:          amd64
13-Feb-2020 22:30:48.067 INFO [main] org.apache.catalina.startup.VersionLoggerListener.log Java Home:             /usr/lib/jvm/java-1.8-openjdk/jre
13-Feb-2020 22:30:48.070 INFO [main] org.apache.catalina.startup.VersionLoggerListener.log JVM Version:           1.8.0_212-b04
13-Feb-2020 22:30:48.071 INFO [main] org.apache.catalina.startup.VersionLoggerListener.log JVM Vendor:            IcedTea
13-Feb-2020 22:30:48.071 INFO [main] org.apache.catalina.startup.VersionLoggerListener.log CATALINA_BASE:         /usr/local/tomcat
13-Feb-2020 22:30:48.072 INFO [main] org.apache.catalina.startup.VersionLoggerListener.log CATALINA_HOME:         /usr/local/tomcat
13-Feb-2020 22:30:48.074 INFO [main] org.apache.catalina.startup.VersionLoggerListener.log Command line argument: -Djava.util.logging.config.file=/usr/local/tomcat/conf/logging.properties
13-Feb-2020 22:30:48.075 INFO [main] org.apache.catalina.startup.VersionLoggerListener.log Command line argument: -Djava.util.logging.manager=org.apache.juli.ClassLoaderLogManager
13-Feb-2020 22:30:48.076 INFO [main] org.apache.catalina.startup.VersionLoggerListener.log Command line argument: -Djdk.tls.ephemeralDHKeySize=2048
13-Feb-2020 22:30:48.077 INFO [main] org.apache.catalina.startup.VersionLoggerListener.log Command line argument: -Djava.protocol.handler.pkgs=org.apache.catalina.webresources
13-Feb-2020 22:30:48.077 INFO [main] org.apache.catalina.startup.VersionLoggerListener.log Command line argument: -Dorg.apache.catalina.security.SecurityListener.UMASK=0027
13-Feb-2020 22:30:48.086 INFO [main] org.apache.catalina.startup.VersionLoggerListener.log Command line argument: -Dignore.endorsed.dirs=
13-Feb-2020 22:30:48.092 INFO [main] org.apache.catalina.startup.VersionLoggerListener.log Command line argument: -Dcatalina.base=/usr/local/tomcat
13-Feb-2020 22:30:48.094 INFO [main] org.apache.catalina.startup.VersionLoggerListener.log Command line argument: -Dcatalina.home=/usr/local/tomcat
13-Feb-2020 22:30:48.095 INFO [main] org.apache.catalina.startup.VersionLoggerListener.log Command line argument: -Djava.io.tmpdir=/usr/local/tomcat/temp
13-Feb-2020 22:30:48.101 INFO [main] org.apache.catalina.core.AprLifecycleListener.lifecycleEvent Loaded APR based Apache Tomcat Native library [1.2.21] using APR version [1.6.5].
13-Feb-2020 22:30:48.102 INFO [main] org.apache.catalina.core.AprLifecycleListener.lifecycleEvent APR capabilities: IPv6 [true], sendfile [true], accept filters [false], random [true].
13-Feb-2020 22:30:48.102 INFO [main] org.apache.catalina.core.AprLifecycleListener.lifecycleEvent APR/OpenSSL configuration: useAprConnector [false], useOpenSSL [true]
13-Feb-2020 22:30:48.169 INFO [main] org.apache.catalina.core.AprLifecycleListener.initializeSSL OpenSSL successfully initialized [OpenSSL 1.1.1b  26 Feb 2019]
13-Feb-2020 22:30:48.498 INFO [main] org.apache.coyote.AbstractProtocol.init Initializing ProtocolHandler ["http-nio-8080"]
13-Feb-2020 22:30:48.560 INFO [main] org.apache.tomcat.util.net.NioSelectorPool.getSharedSelector Using a shared selector for servlet write/read
13-Feb-2020 22:30:48.612 INFO [main] org.apache.coyote.AbstractProtocol.init Initializing ProtocolHandler ["ajp-nio-8009"]
13-Feb-2020 22:30:48.622 INFO [main] org.apache.tomcat.util.net.NioSelectorPool.getSharedSelector Using a shared selector for servlet write/read
13-Feb-2020 22:30:48.623 INFO [main] org.apache.catalina.startup.Catalina.load Initialization processed in 1397 ms
13-Feb-2020 22:30:48.692 INFO [main] org.apache.catalina.core.StandardService.startInternal Starting service [Catalina]
13-Feb-2020 22:30:48.692 INFO [main] org.apache.catalina.core.StandardEngine.startInternal Starting Servlet Engine: Apache Tomcat/8.5.41
13-Feb-2020 22:30:48.734 INFO [localhost-startStop-1] org.apache.catalina.startup.HostConfig.deployDirectory Deploying web application directory [/usr/local/tomcat/webapps/ROOT]
13-Feb-2020 22:30:49.280 INFO [localhost-startStop-1] org.apache.catalina.startup.HostConfig.deployDirectory Deployment of web application directory [/usr/local/tomcat/webapps/ROOT] has finished in [544] ms
13-Feb-2020 22:30:49.281 INFO [localhost-startStop-1] org.apache.catalina.startup.HostConfig.deployDirectory Deploying web application directory [/usr/local/tomcat/webapps/examples]
13-Feb-2020 22:30:50.022 INFO [localhost-startStop-1] org.apache.catalina.startup.HostConfig.deployDirectory Deployment of web application directory [/usr/local/tomcat/webapps/examples] has finished in [740] ms
13-Feb-2020 22:30:50.023 INFO [localhost-startStop-1] org.apache.catalina.startup.HostConfig.deployDirectory Deploying web application directory [/usr/local/tomcat/webapps/docs]
13-Feb-2020 22:30:50.097 INFO [localhost-startStop-1] org.apache.catalina.startup.HostConfig.deployDirectory Deployment of web application directory [/usr/local/tomcat/webapps/docs] has finished in [74] ms
13-Feb-2020 22:30:50.100 INFO [localhost-startStop-1] org.apache.catalina.startup.HostConfig.deployDirectory Deploying web application directory [/usr/local/tomcat/webapps/host-manager]
13-Feb-2020 22:30:50.230 INFO [localhost-startStop-1] org.apache.catalina.startup.HostConfig.deployDirectory Deployment of web application directory [/usr/local/tomcat/webapps/host-manager] has finished in [127] ms
13-Feb-2020 22:30:50.232 INFO [localhost-startStop-1] org.apache.catalina.startup.HostConfig.deployDirectory Deploying web application directory [/usr/local/tomcat/webapps/manager]
13-Feb-2020 22:30:50.345 INFO [localhost-startStop-1] org.apache.catalina.startup.HostConfig.deployDirectory Deployment of web application directory [/usr/local/tomcat/webapps/manager] has finished in [113] ms
13-Feb-2020 22:30:50.363 INFO [main] org.apache.coyote.AbstractProtocol.start Starting ProtocolHandler ["http-nio-8080"]
13-Feb-2020 22:30:50.414 INFO [main] org.apache.coyote.AbstractProtocol.start Starting ProtocolHandler ["ajp-nio-8009"]
13-Feb-2020 22:30:50.418 INFO [main] org.apache.catalina.startup.Catalina.start Server startup in 1793 ms
13-Feb-2020 23:19:55.281 INFO [Thread-5] org.apache.coyote.AbstractProtocol.pause Pausing ProtocolHandler ["http-nio-8080"]
13-Feb-2020 23:19:55.309 INFO [Thread-5] org.apache.coyote.AbstractProtocol.pause Pausing ProtocolHandler ["ajp-nio-8009"]
13-Feb-2020 23:19:55.317 INFO [Thread-5] org.apache.catalina.core.StandardService.stopInternal Stopping service [Catalina]
13-Feb-2020 23:19:55.387 INFO [Thread-5] org.apache.coyote.AbstractProtocol.stop Stopping ProtocolHandler ["http-nio-8080"]
13-Feb-2020 23:19:55.391 INFO [Thread-5] org.apache.coyote.AbstractProtocol.stop Stopping ProtocolHandler ["ajp-nio-8009"]
13-Feb-2020 23:19:55.398 INFO [Thread-5] org.apache.coyote.AbstractProtocol.destroy Destroying ProtocolHandler ["http-nio-8080"]
13-Feb-2020 23:19:55.403 INFO [Thread-5] org.apache.coyote.AbstractProtocol.destroy Destroying ProtocolHandler ["ajp-nio-8009"]
13-Feb-2020 23:20:14.647 INFO [main] org.apache.catalina.startup.VersionLoggerListener.log Server version:        Apache Tomcat/8.5.41
13-Feb-2020 23:20:14.650 INFO [main] org.apache.catalina.startup.VersionLoggerListener.log Server built:          May 4 2019 09:17:16 UTC
13-Feb-2020 23:20:14.651 INFO [main] org.apache.catalina.startup.VersionLoggerListener.log Server number:         8.5.41.0
13-Feb-2020 23:20:14.657 INFO [main] org.apache.catalina.startup.VersionLoggerListener.log OS Name:               Linux
13-Feb-2020 23:20:14.660 INFO [main] org.apache.catalina.startup.VersionLoggerListener.log OS Version:            4.19.76-linuxkit
13-Feb-2020 23:20:14.663 INFO [main] org.apache.catalina.startup.VersionLoggerListener.log Architecture:          amd64
13-Feb-2020 23:20:14.667 INFO [main] org.apache.catalina.startup.VersionLoggerListener.log Java Home:             /usr/lib/jvm/java-1.8-openjdk/jre
13-Feb-2020 23:20:14.668 INFO [main] org.apache.catalina.startup.VersionLoggerListener.log JVM Version:           1.8.0_212-b04
13-Feb-2020 23:20:14.670 INFO [main] org.apache.catalina.startup.VersionLoggerListener.log JVM Vendor:            IcedTea
13-Feb-2020 23:20:14.671 INFO [main] org.apache.catalina.startup.VersionLoggerListener.log CATALINA_BASE:         /usr/local/tomcat
13-Feb-2020 23:20:14.673 INFO [main] org.apache.catalina.startup.VersionLoggerListener.log CATALINA_HOME:         /usr/local/tomcat
13-Feb-2020 23:20:14.675 INFO [main] org.apache.catalina.startup.VersionLoggerListener.log Command line argument: -Djava.util.logging.config.file=/usr/local/tomcat/conf/logging.properties
13-Feb-2020 23:20:14.679 INFO [main] org.apache.catalina.startup.VersionLoggerListener.log Command line argument: -Djava.util.logging.manager=org.apache.juli.ClassLoaderLogManager
13-Feb-2020 23:20:14.680 INFO [main] org.apache.catalina.startup.VersionLoggerListener.log Command line argument: -Djdk.tls.ephemeralDHKeySize=2048
13-Feb-2020 23:20:14.680 INFO [main] org.apache.catalina.startup.VersionLoggerListener.log Command line argument: -Djava.protocol.handler.pkgs=org.apache.catalina.webresources
13-Feb-2020 23:20:14.682 INFO [main] org.apache.catalina.startup.VersionLoggerListener.log Command line argument: -Dorg.apache.catalina.security.SecurityListener.UMASK=0027
13-Feb-2020 23:20:14.684 INFO [main] org.apache.catalina.startup.VersionLoggerListener.log Command line argument: -Dignore.endorsed.dirs=
13-Feb-2020 23:20:14.684 INFO [main] org.apache.catalina.startup.VersionLoggerListener.log Command line argument: -Dcatalina.base=/usr/local/tomcat
13-Feb-2020 23:20:14.685 INFO [main] org.apache.catalina.startup.VersionLoggerListener.log Command line argument: -Dcatalina.home=/usr/local/tomcat
13-Feb-2020 23:20:14.686 INFO [main] org.apache.catalina.startup.VersionLoggerListener.log Command line argument: -Djava.io.tmpdir=/usr/local/tomcat/temp
13-Feb-2020 23:20:14.690 INFO [main] org.apache.catalina.core.AprLifecycleListener.lifecycleEvent Loaded APR based Apache Tomcat Native library [1.2.21] using APR version [1.6.5].
13-Feb-2020 23:20:14.693 INFO [main] org.apache.catalina.core.AprLifecycleListener.lifecycleEvent APR capabilities: IPv6 [true], sendfile [true], accept filters [false], random [true].
13-Feb-2020 23:20:14.697 INFO [main] org.apache.catalina.core.AprLifecycleListener.lifecycleEvent APR/OpenSSL configuration: useAprConnector [false], useOpenSSL [true]
13-Feb-2020 23:20:14.724 INFO [main] org.apache.catalina.core.AprLifecycleListener.initializeSSL OpenSSL successfully initialized [OpenSSL 1.1.1b  26 Feb 2019]
13-Feb-2020 23:20:14.962 INFO [main] org.apache.coyote.AbstractProtocol.init Initializing ProtocolHandler ["http-nio-8080"]
13-Feb-2020 23:20:14.982 INFO [main] org.apache.tomcat.util.net.NioSelectorPool.getSharedSelector Using a shared selector for servlet write/read
13-Feb-2020 23:20:15.012 INFO [main] org.apache.coyote.AbstractProtocol.init Initializing ProtocolHandler ["ajp-nio-8009"]
13-Feb-2020 23:20:15.015 INFO [main] org.apache.tomcat.util.net.NioSelectorPool.getSharedSelector Using a shared selector for servlet write/read
13-Feb-2020 23:20:15.031 INFO [main] org.apache.catalina.startup.Catalina.load Initialization processed in 1385 ms
13-Feb-2020 23:20:15.104 INFO [main] org.apache.catalina.core.StandardService.startInternal Starting service [Catalina]
13-Feb-2020 23:20:15.104 INFO [main] org.apache.catalina.core.StandardEngine.startInternal Starting Servlet Engine: Apache Tomcat/8.5.41
13-Feb-2020 23:20:15.137 INFO [localhost-startStop-1] org.apache.catalina.startup.HostConfig.deployDirectory Deploying web application directory [/usr/local/tomcat/webapps/ROOT]
13-Feb-2020 23:20:15.572 INFO [localhost-startStop-1] org.apache.catalina.startup.HostConfig.deployDirectory Deployment of web application directory [/usr/local/tomcat/webapps/ROOT] has finished in [435] ms
13-Feb-2020 23:20:15.573 INFO [localhost-startStop-1] org.apache.catalina.startup.HostConfig.deployDirectory Deploying web application directory [/usr/local/tomcat/webapps/examples]
13-Feb-2020 23:20:16.295 INFO [localhost-startStop-1] org.apache.catalina.startup.HostConfig.deployDirectory Deployment of web application directory [/usr/local/tomcat/webapps/examples] has finished in [722] ms
13-Feb-2020 23:20:16.298 INFO [localhost-startStop-1] org.apache.catalina.startup.HostConfig.deployDirectory Deploying web application directory [/usr/local/tomcat/webapps/docs]
13-Feb-2020 23:20:16.381 INFO [localhost-startStop-1] org.apache.catalina.startup.HostConfig.deployDirectory Deployment of web application directory [/usr/local/tomcat/webapps/docs] has finished in [83] ms
13-Feb-2020 23:20:16.382 INFO [localhost-startStop-1] org.apache.catalina.startup.HostConfig.deployDirectory Deploying web application directory [/usr/local/tomcat/webapps/host-manager]
13-Feb-2020 23:20:16.466 INFO [localhost-startStop-1] org.apache.catalina.startup.HostConfig.deployDirectory Deployment of web application directory [/usr/local/tomcat/webapps/host-manager] has finished in [85] ms
13-Feb-2020 23:20:16.468 INFO [localhost-startStop-1] org.apache.catalina.startup.HostConfig.deployDirectory Deploying web application directory [/usr/local/tomcat/webapps/manager]
13-Feb-2020 23:20:16.549 INFO [localhost-startStop-1] org.apache.catalina.startup.HostConfig.deployDirectory Deployment of web application directory [/usr/local/tomcat/webapps/manager] has finished in [81] ms
13-Feb-2020 23:20:16.560 INFO [main] org.apache.coyote.AbstractProtocol.start Starting ProtocolHandler ["http-nio-8080"]
13-Feb-2020 23:20:16.604 INFO [main] org.apache.coyote.AbstractProtocol.start Starting ProtocolHandler ["ajp-nio-8009"]
13-Feb-2020 23:20:16.645 INFO [main] org.apache.catalina.startup.Catalina.start Server startup in 1612 ms
13-Feb-2020 23:21:34.248 INFO [Thread-5] org.apache.coyote.AbstractProtocol.pause Pausing ProtocolHandler ["http-nio-8080"]
13-Feb-2020 23:21:34.282 INFO [Thread-5] org.apache.coyote.AbstractProtocol.pause Pausing ProtocolHandler ["ajp-nio-8009"]
13-Feb-2020 23:21:34.288 INFO [Thread-5] org.apache.catalina.core.StandardService.stopInternal Stopping service [Catalina]
13-Feb-2020 23:21:34.352 INFO [Thread-5] org.apache.coyote.AbstractProtocol.stop Stopping ProtocolHandler ["http-nio-8080"]
13-Feb-2020 23:21:34.358 INFO [Thread-5] org.apache.coyote.AbstractProtocol.stop Stopping ProtocolHandler ["ajp-nio-8009"]
13-Feb-2020 23:21:34.370 INFO [Thread-5] org.apache.coyote.AbstractProtocol.destroy Destroying ProtocolHandler ["http-nio-8080"]
13-Feb-2020 23:21:34.372 INFO [Thread-5] org.apache.coyote.AbstractProtocol.destroy Destroying ProtocolHandler ["ajp-nio-8009"]
